The system is: Windows - 10.0.19041 - AMD64
Compiling the C compiler identification source file "CMakeCCompilerId.c" succeeded.
Compiler: C:/Program Files (x86)/Microsoft Visual Studio/2019/Community/VC/Tools/MSVC/14.28.29333/bin/Hostx64/x64/cl.exe 
Build flags: 
Id flags:  

The output was:
0
Microsoft (R) C/C++ Optimizing Compiler Version 19.28.29335 for x64
Copyright (C) Microsoft Corporation.  All rights reserved.

CMakeCCompilerId.c
Microsoft (R) Incremental Linker Version 14.28.29335.0
Copyright (C) Microsoft Corporation.  All rights reserved.

/out:CMakeCCompilerId.exe 
CMakeCCompilerId.obj 


Compilation of the C compiler identification source "CMakeCCompilerId.c" produced "CMakeCCompilerId.exe"

Compilation of the C compiler identification source "CMakeCCompilerId.c" produced "CMakeCCompilerId.obj"

The C compiler identification is MSVC, found in "C:/catkin_ws/build/CMakeFiles/3.18.2/CompilerIdC/CMakeCCompilerId.exe"

Compiling the CXX compiler identification source file "CMakeCXXCompilerId.cpp" succeeded.
Compiler: C:/Program Files (x86)/Microsoft Visual Studio/2019/Community/VC/Tools/MSVC/14.28.29333/bin/Hostx64/x64/cl.exe 
Build flags: 
Id flags:  

The output was:
0
Microsoft (R) C/C++ Optimizing Compiler Version 19.28.29335 for x64
Copyright (C) Microsoft Corporation.  All rights reserved.

CMakeCXXCompilerId.cpp
Microsoft (R) Incremental Linker Version 14.28.29335.0
Copyright (C) Microsoft Corporation.  All rights reserved.

/out:CMakeCXXCompilerId.exe 
CMakeCXXCompilerId.obj 


Compilation of the CXX compiler identification source "CMakeCXXCompilerId.cpp" produced "CMakeCXXCompilerId.exe"

Compilation of the CXX compiler identification source "CMakeCXXCompilerId.cpp" produced "CMakeCXXCompilerId.obj"

The CXX compiler identification is MSVC, found in "C:/catkin_ws/build/CMakeFiles/3.18.2/CompilerIdCXX/CMakeCXXCompilerId.exe"

Detecting C compiler ABI info compiled with the following output:
Change Dir: C:/catkin_ws/build/CMakeFiles/CMakeTmp

Run Build Command(s):nmake /nologo cmTC_fd620\fast && 	"C:\Program Files (x86)\Microsoft Visual Studio\2019\Community\VC\Tools\MSVC\14.28.29333\bin\HostX64\x64\nmake.exe"  -f CMakeFiles\cmTC_fd620.dir\build.make /nologo -L                  CMakeFiles\cmTC_fd620.dir\build
Building C object CMakeFiles/cmTC_fd620.dir/CMakeCCompilerABI.c.obj
	C:\PROGRA~2\MIB055~1\2019\COMMUN~1\VC\Tools\MSVC\1428~1.293\bin\Hostx64\x64\cl.exe @C:\Users\HNMANZ~1\AppData\Local\Temp\nm13CF.tmp
CMakeCCompilerABI.c
Linking C executable cmTC_fd620.exe
	C:\opt\ros\melodic\x64\lib\site-packages\cmake\data\bin\cmake.exe -E vs_link_exe --intdir=CMakeFiles\cmTC_fd620.dir --rc=C:\PROGRA~2\WI3CF2~1\10\bin\100183~1.0\x64\rc.exe --mt=C:\PROGRA~2\WI3CF2~1\10\bin\100183~1.0\x64\mt.exe --manifests -- C:\PROGRA~2\MIB055~1\2019\COMMUN~1\VC\Tools\MSVC\1428~1.293\bin\Hostx64\x64\link.exe /nologo @CMakeFiles\cmTC_fd620.dir\objects1.rsp @C:\Users\HNMANZ~1\AppData\Local\Temp\nm1799.tmp



Detecting CXX compiler ABI info compiled with the following output:
Change Dir: C:/catkin_ws/build/CMakeFiles/CMakeTmp

Run Build Command(s):nmake /nologo cmTC_20eeb\fast && 	"C:\Program Files (x86)\Microsoft Visual Studio\2019\Community\VC\Tools\MSVC\14.28.29333\bin\HostX64\x64\nmake.exe"  -f CMakeFiles\cmTC_20eeb.dir\build.make /nologo -L                  CMakeFiles\cmTC_20eeb.dir\build
Building CXX object CMakeFiles/cmTC_20eeb.dir/CMakeCXXCompilerABI.cpp.obj
	C:\PROGRA~2\MIB055~1\2019\COMMUN~1\VC\Tools\MSVC\1428~1.293\bin\Hostx64\x64\cl.exe @C:\Users\HNMANZ~1\AppData\Local\Temp\nm1C4B.tmp
CMakeCXXCompilerABI.cpp
Linking CXX executable cmTC_20eeb.exe
	C:\opt\ros\melodic\x64\lib\site-packages\cmake\data\bin\cmake.exe -E vs_link_exe --intdir=CMakeFiles\cmTC_20eeb.dir --rc=C:\PROGRA~2\WI3CF2~1\10\bin\100183~1.0\x64\rc.exe --mt=C:\PROGRA~2\WI3CF2~1\10\bin\100183~1.0\x64\mt.exe --manifests -- C:\PROGRA~2\MIB055~1\2019\COMMUN~1\VC\Tools\MSVC\1428~1.293\bin\Hostx64\x64\link.exe /nologo @CMakeFiles\cmTC_20eeb.dir\objects1.rsp @C:\Users\HNMANZ~1\AppData\Local\Temp\nm1D17.tmp



